<?xml version="1.0" encoding="UTF-8" ?>
<testsuite tests="1" failures="0" name="SpringTest" time="0.03" errors="1" skipped="0">
  <properties>
[...]
</properties>
  <testcase classname="SpringTest" name="test" time="0.03">
    <error message="No bean named &apos;userService&apos; available" type="org.springframework.beans.factory.NoSuchBeanDefinitionException">org.springframework.beans.factory.NoSuchBeanDefinitionException: No bean named &apos;userService&apos; available
	at org.springframework.beans.factory.support.DefaultListableBeanFactory.getBeanDefinition(DefaultListableBeanFactory.java:686)
	at org.springframework.beans.factory.support.AbstractBeanFactory.getMergedLocalBeanDefinition(AbstractBeanFactory.java:1210)
	at org.springframework.beans.factory.support.AbstractBeanFactory.doGetBean(AbstractBeanFactory.java:291)
	at org.springframework.beans.factory.support.AbstractBeanFactory.getBean(AbstractBeanFactory.java:204)
	at org.springframework.context.support.AbstractApplicationContext.getBean(AbstractApplicationContext.java:1095)
	at SpringTest.test(SpringTest.java:16)
	at sun.reflect.NativeMethodAccessorImpl.invoke0(Native Method)
	at sun.reflect.NativeMethodAccessorImpl.invoke(NativeMethodAccessorImpl.java:62)
	at sun.reflect.DelegatingMethodAccessorImpl.invoke(DelegatingMethodAccessorImpl.java:43)
	at java.lang.reflect.Method.invoke(Method.java:483)
	at org.junit.runners.model.FrameworkMethod$1.runReflectiveCall(FrameworkMethod.java:50)
	at org.junit.internal.runners.model.ReflectiveCallable.run(ReflectiveCallable.java:12)
	at org.junit.runners.model.FrameworkMethod.invokeExplosively(FrameworkMethod.java:47)
	at org.junit.internal.runners.statements.InvokeMethod.evaluate(InvokeMethod.java:17)
	at org.junit.runners.ParentRunner.runLeaf(ParentRunner.java:325)
	at org.junit.runners.BlockJUnit4ClassRunner.runChild(BlockJUnit4ClassRunner.java:78)
	at org.junit.runners.BlockJUnit4ClassRunner.runChild(BlockJUnit4ClassRunner.java:57)
	at org.junit.runners.ParentRunner$3.run(ParentRunner.java:290)
	at org.junit.runners.ParentRunner$1.schedule(ParentRunner.java:71)
	at org.junit.runners.ParentRunner.runChildren(ParentRunner.java:288)
	at org.junit.runners.ParentRunner.access$000(ParentRunner.java:58)
	at org.junit.runners.ParentRunner$2.evaluate(ParentRunner.java:268)
	at org.junit.runners.ParentRunner.run(ParentRunner.java:363)
	at org.apache.maven.surefire.junit4.JUnit4Provider.execute(JUnit4Provider.java:252)
	at org.apache.maven.surefire.junit4.JUnit4Provider.executeTestSet(JUnit4Provider.java:141)
	at org.apache.maven.surefire.junit4.JUnit4Provider.invoke(JUnit4Provider.java:112)
	at sun.reflect.NativeMethodAccessorImpl.invoke0(Native Method)
	at sun.reflect.NativeMethodAccessorImpl.invoke(NativeMethodAccessorImpl.java:62)
	at sun.reflect.DelegatingMethodAccessorImpl.invoke(DelegatingMethodAccessorImpl.java:43)
	at java.lang.reflect.Method.invoke(Method.java:483)
	at org.apache.maven.surefire.util.ReflectionUtils.invokeMethodWithArray(ReflectionUtils.java:189)
	at org.apache.maven.surefire.booter.ProviderFactory$ProviderProxy.invoke(ProviderFactory.java:165)
	at org.apache.maven.surefire.booter.ProviderFactory.invokeProvider(ProviderFactory.java:85)
	at org.apache.maven.surefire.booter.ForkedBooter.runSuitesInProcess(ForkedBooter.java:115)
	at org.apache.maven.surefire.booter.ForkedBooter.main(ForkedBooter.java:75)
</error>
    <system-out>15:32:10,981 DEBUG AbstractDirtiesContextTestExecutionListener:142 - After test class: context [DefaultTestContext@1c3a4799 testClass = DaoTest, testInstance = [null], testMethod = [null], testException = [null], mergedContextConfiguration = [MergedContextConfiguration@131276c2 testClass = DaoTest, locations = &apos;{classpath:applicationContext.xml}&apos;, classes = &apos;{}&apos;, contextInitializerClasses = &apos;[]&apos;, activeProfiles = &apos;{}&apos;, propertySourceLocations = &apos;{}&apos;, propertySourceProperties = &apos;{}&apos;, contextCustomizers = set[[empty]], contextLoader = &apos;org.springframework.test.context.support.DelegatingSmartContextLoader&apos;, parent = [null]], attributes = map[[empty]]], class annotated with @DirtiesContext [false] with mode [null].
15:32:10,988 DEBUG StandardEnvironment:109 - Adding PropertySource &apos;systemProperties&apos; with lowest search precedence
15:32:10,988 DEBUG StandardEnvironment:109 - Adding PropertySource &apos;systemEnvironment&apos; with lowest search precedence
15:32:10,988 DEBUG StandardEnvironment:125 - Initialized StandardEnvironment with PropertySources [MapPropertySource@227755469 {name=&apos;systemProperties&apos;, properties={idea.version=2021.1.2, java.runtime.name=Java(TM) SE Runtime Environment, sun.boot.library.path=C:\Program Files\Java\jdk1.8.0_31\jre\bin, java.vm.version=25.31-b07, java.vm.vendor=Oracle Corporation, java.vendor.url=http://java.oracle.com/, path.separator=;, java.vm.name=Java HotSpot(TM) 64-Bit Server VM, file.encoding.pkg=sun.io, user.country=TW, user.script=, sun.java.launcher=SUN_STANDARD, sun.os.patch.level=, java.vm.specification.name=Java Virtual Machine Specification, user.dir=D:\IdeaJavaProject\SSM\spring_test, java.runtime.version=1.8.0_31-b13, basedir=D:\IdeaJavaProject\SSM\spring_test, java.awt.graphicsenv=sun.awt.Win32GraphicsEnvironment, java.endorsed.dirs=C:\Program Files\Java\jdk1.8.0_31\jre\lib\endorsed, os.arch=amd64, surefire.real.class.path=D:\IdeaJavaProject\SSM\spring_test\target\surefire\surefirebooter3728540682035552763.jar, java.io.tmpdir=C:\Users\dustin_peng\AppData\Local\Temp\, line.separator=
, java.vm.specification.vendor=Oracle Corporation, user.variant=, os.name=Windows 8.1, sun.jnu.encoding=MS950, java.library.path=C:\Program Files\Java\jdk1.8.0_31\jre\bin;C:\Windows\Sun\Java\bin;C:\Windows\system32;C:\Windows;C:\ProgramData\Oracle\Java\javapath;E:\app\Dustin.Peng.OA\product\11.2.0\client_2\bin;E:\app\Dustin.Peng.OA\product\11.2.0\client_1\bin;C:\Windows\system32;C:\Windows;C:\Windows\System32\Wbem;C:\Windows\System32\WindowsPowerShell\v1.0\;C:\Windows\System32\OpenSSH\;C:\Users\Dustin.Peng.OA\AppData\Local\Microsoft\WindowsApps;C:\Program Files\Java\jdk1.8.0_31\bin;C:\Program Files\Java\jdk1.8.0_31\jre\bin;E:\java_install\apache-maven-3.6.3\bin;E:\PYTHON\Python36;\bin;E:\FFMPEG\ffmpeg-4.4-essentials_build\bin;E:\java_install\mysql\bin;C:\Users\dustin_peng\AppData\Local\Microsoft\WindowsApps;;., surefire.test.class.path=D:\IdeaJavaProject\SSM\spring_test\target\test-classes;D:\IdeaJavaProject\SSM\spring_test\target\classes;E:\java_install\maven\repository\mysql\mysql-connector-java\8.0.24\mysql-connector-java-8.0.24.jar;E:\java_install\maven\repository\com\google\protobuf\protobuf-java\3.11.4\protobuf-java-3.11.4.jar;E:\java_install\maven\repository\c3p0\c3p0\0.9.1.2\c3p0-0.9.1.2.jar;E:\java_install\maven\repository\com\alibaba\druid\1.1.10\druid-1.1.10.jar;E:\java_install\maven\repository\junit\junit\4.12\junit-4.12.jar;E:\java_install\maven\repository\org\hamcrest\hamcrest-core\1.3\hamcrest-core-1.3.jar;E:\java_install\maven\repository\org\springframework\spring-context\5.0.5.RELEASE\spring-context-5.0.5.RELEASE.jar;E:\java_install\maven\repository\org\springframework\spring-aop\5.0.5.RELEASE\spring-aop-5.0.5.RELEASE.jar;E:\java_install\maven\repository\org\springframework\spring-beans\5.0.5.RELEASE\spring-beans-5.0.5.RELEASE.jar;E:\java_install\maven\repository\org\springframework\spring-core\5.0.5.RELEASE\spring-core-5.0.5.RELEASE.jar;E:\java_install\maven\repository\org\springframework\spring-jcl\5.0.5.RELEASE\spring-jcl-5.0.5.RELEASE.jar;E:\java_install\maven\repository\org\springframework\spring-expression\5.0.5.RELEASE\spring-expression-5.0.5.RELEASE.jar;E:\java_install\maven\repository\org\springframework\spring-test\5.0.5.RELEASE\spring-test-5.0.5.RELEASE.jar;E:\java_install\maven\repository\org\springframework\spring-web\5.0.5.RELEASE\spring-web-5.0.5.RELEASE.jar;E:\java_install\maven\repository\org\springframework\spring-webmvc\5.0.5.RELEASE\spring-webmvc-5.0.5.RELEASE.jar;E:\java_install\maven\repository\javax\servlet\javax.servlet-api\3.0.1\javax.servlet-api-3.0.1.jar;E:\java_install\maven\repository\javax\servlet\jsp\javax.servlet.jsp-api\2.2.1\javax.servlet.jsp-api-2.2.1.jar;E:\java_install\maven\repository\com\fasterxml\jackson\core\jackson-core\2.9.0\jackson-core-2.9.0.jar;E:\java_install\maven\repository\com\fasterxml\jackson\core\jackson-databind\2.9.0\jackson-databind-2.9.0.jar;E:\java_install\maven\repository\com\fasterxml\jackson\core\jackson-annotations\2.9.0\jackson-annotations-2.9.0.jar;E:\java_install\maven\repository\commons-fileupload\commons-fileupload\1.3.1\commons-fileupload-1.3.1.jar;E:\java_install\maven\repository\commons-io\commons-io\2.3\commons-io-2.3.jar;E:\java_install\maven\repository\commons-logging\commons-logging\1.2\commons-logging-1.2.jar;E:\java_install\maven\repository\org\slf4j\slf4j-log4j12\1.7.7\slf4j-log4j12-1.7.7.jar;E:\java_install\maven\repository\org\slf4j\slf4j-api\1.7.7\slf4j-api-1.7.7.jar;E:\java_install\maven\repository\log4j\log4j\1.2.17\log4j-1.2.17.jar;E:\java_install\maven\repository\org\springframework\spring-jdbc\5.0.5.RELEASE\spring-jdbc-5.0.5.RELEASE.jar;E:\java_install\maven\repository\org\springframework\spring-tx\5.0.5.RELEASE\spring-tx-5.0.5.RELEASE.jar;E:\java_install\maven\repository\jstl\jstl\1.2\jstl-1.2.jar;, java.specification.name=Java Platform API Specification, java.class.version=52.0, sun.management.compiler=HotSpot 64-Bit Tiered Compilers, maven.repo.local=E:\java_install\maven\repository, os.version=6.3, user.home=C:\Users\dustin_peng, user.timezone=Asia/Calcutta, java.awt.printerjob=sun.awt.windows.WPrinterJob, file.encoding=MS950, java.specification.version=1.8, java.class.path=D:\IdeaJavaProject\SSM\spring_test\target\test-classes;D:\IdeaJavaProject\SSM\spring_test\target\classes;E:\java_install\maven\repository\mysql\mysql-connector-java\8.0.24\mysql-connector-java-8.0.24.jar;E:\java_install\maven\repository\com\google\protobuf\protobuf-java\3.11.4\protobuf-java-3.11.4.jar;E:\java_install\maven\repository\c3p0\c3p0\0.9.1.2\c3p0-0.9.1.2.jar;E:\java_install\maven\repository\com\alibaba\druid\1.1.10\druid-1.1.10.jar;E:\java_install\maven\repository\junit\junit\4.12\junit-4.12.jar;E:\java_install\maven\repository\org\hamcrest\hamcrest-core\1.3\hamcrest-core-1.3.jar;E:\java_install\maven\repository\org\springframework\spring-context\5.0.5.RELEASE\spring-context-5.0.5.RELEASE.jar;E:\java_install\maven\repository\org\springframework\spring-aop\5.0.5.RELEASE\spring-aop-5.0.5.RELEASE.jar;E:\java_install\maven\repository\org\springframework\spring-beans\5.0.5.RELEASE\spring-beans-5.0.5.RELEASE.jar;E:\java_install\maven\repository\org\springframework\spring-core\5.0.5.RELEASE\spring-core-5.0.5.RELEASE.jar;E:\java_install\maven\repository\org\springframework\spring-jcl\5.0.5.RELEASE\spring-jcl-5.0.5.RELEASE.jar;E:\java_install\maven\repository\org\springframework\spring-expression\5.0.5.RELEASE\spring-expression-5.0.5.RELEASE.jar;E:\java_install\maven\repository\org\springframework\spring-test\5.0.5.RELEASE\spring-test-5.0.5.RELEASE.jar;E:\java_install\maven\repository\org\springframework\spring-web\5.0.5.RELEASE\spring-web-5.0.5.RELEASE.jar;E:\java_install\maven\repository\org\springframework\spring-webmvc\5.0.5.RELEASE\spring-webmvc-5.0.5.RELEASE.jar;E:\java_install\maven\repository\javax\servlet\javax.servlet-api\3.0.1\javax.servlet-api-3.0.1.jar;E:\java_install\maven\repository\javax\servlet\jsp\javax.servlet.jsp-api\2.2.1\javax.servlet.jsp-api-2.2.1.jar;E:\java_install\maven\repository\com\fasterxml\jackson\core\jackson-core\2.9.0\jackson-core-2.9.0.jar;E:\java_install\maven\repository\com\fasterxml\jackson\core\jackson-databind\2.9.0\jackson-databind-2.9.0.jar;E:\java_install\maven\repository\com\fasterxml\jackson\core\jackson-annotations\2.9.0\jackson-annotations-2.9.0.jar;E:\java_install\maven\repository\commons-fileupload\commons-fileupload\1.3.1\commons-fileupload-1.3.1.jar;E:\java_install\maven\repository\commons-io\commons-io\2.3\commons-io-2.3.jar;E:\java_install\maven\repository\commons-logging\commons-logging\1.2\commons-logging-1.2.jar;E:\java_install\maven\repository\org\slf4j\slf4j-log4j12\1.7.7\slf4j-log4j12-1.7.7.jar;E:\java_install\maven\repository\org\slf4j\slf4j-api\1.7.7\slf4j-api-1.7.7.jar;E:\java_install\maven\repository\log4j\log4j\1.2.17\log4j-1.2.17.jar;E:\java_install\maven\repository\org\springframework\spring-jdbc\5.0.5.RELEASE\spring-jdbc-5.0.5.RELEASE.jar;E:\java_install\maven\repository\org\springframework\spring-tx\5.0.5.RELEASE\spring-tx-5.0.5.RELEASE.jar;E:\java_install\maven\repository\jstl\jstl\1.2\jstl-1.2.jar;, user.name=Dustin_Peng, java.vm.specification.version=1.8, sun.java.command=D:\IdeaJavaProject\SSM\spring_test\target\surefire\surefirebooter3728540682035552763.jar D:\IdeaJavaProject\SSM\spring_test\target\surefire\surefire1534210466260392494tmp D:\IdeaJavaProject\SSM\spring_test\target\surefire\surefire_07978331942634513006tmp, java.home=C:\Program Files\Java\jdk1.8.0_31\jre, sun.arch.data.model=64, user.language=zh, java.specification.vendor=Oracle Corporation, awt.toolkit=sun.awt.windows.WToolkit, java.vm.info=mixed mode, java.version=1.8.0_31, java.ext.dirs=C:\Program Files\Java\jdk1.8.0_31\jre\lib\ext;C:\Windows\Sun\Java\lib\ext, sun.boot.class.path=C:\Program Files\Java\jdk1.8.0_31\jre\lib\resources.jar;C:\Program Files\Java\jdk1.8.0_31\jre\lib\rt.jar;C:\Program Files\Java\jdk1.8.0_31\jre\lib\sunrsasign.jar;C:\Program Files\Java\jdk1.8.0_31\jre\lib\jsse.jar;C:\Program Files\Java\jdk1.8.0_31\jre\lib\jce.jar;C:\Program Files\Java\jdk1.8.0_31\jre\lib\charsets.jar;C:\Program Files\Java\jdk1.8.0_31\jre\lib\jfr.jar;C:\Program Files\Java\jdk1.8.0_31\jre\classes, java.vendor=Oracle Corporation, localRepository=E:\java_install\maven\repository, file.separator=\, java.vendor.url.bug=http://bugreport.sun.com/bugreport/, sun.io.unicode.encoding=UnicodeLittle, sun.cpu.endian=little, sun.desktop=windows, sun.cpu.isalist=amd64}}, SystemEnvironmentPropertySource@762384154 {name=&apos;systemEnvironment&apos;, properties={PATH=C:\ProgramData\Oracle\Java\javapath;E:\app\Dustin.Peng.OA\product\11.2.0\client_2\bin;E:\app\Dustin.Peng.OA\product\11.2.0\client_1\bin;C:\Windows\system32;C:\Windows;C:\Windows\System32\Wbem;C:\Windows\System32\WindowsPowerShell\v1.0\;C:\Windows\System32\OpenSSH\;C:\Users\Dustin.Peng.OA\AppData\Local\Microsoft\WindowsApps;C:\Program Files\Java\jdk1.8.0_31\bin;C:\Program Files\Java\jdk1.8.0_31\jre\bin;E:\java_install\apache-maven-3.6.3\bin;E:\PYTHON\Python36;\bin;E:\FFMPEG\ffmpeg-4.4-essentials_build\bin;E:\java_install\mysql\bin;C:\Users\dustin_peng\AppData\Local\Microsoft\WindowsApps;, USERDOMAIN_ROAMINGPROFILE=PSH, PROCESSOR_LEVEL=23, SYSTEMDRIVE=C:, SESSIONNAME=Console, ALLUSERSPROFILE=C:\ProgramData, PROCESSOR_ARCHITECTURE=AMD64, DRIVERDATA=C:\Windows\System32\Drivers\DriverData, MAVEN_HOME=E:\java_install\apache-maven-3.6.3, PROGRAMFILES=C:\Program Files, PSMODULEPATH=C:\Program Files\WindowsPowerShell\Modules;C:\Windows\system32\WindowsPowerShell\v1.0\Modules, PROGRAMDATA=C:\ProgramData, USERNAME=Dustin_Peng, USERDNSDOMAIN=PSH.CORP.PEGATRON, FPS_BROWSER_USER_PROFILE_STRING=Default, ONEDRIVE=C:\Users\Administrator\OneDrive, PATHEXT=.COM;.EXE;.BAT;.CMD;.VBS;.VBE;.JS;.JSE;.WSF;.WSH;.MSC, WINDIR=C:\Windows, HOMEPATH=\Users\dustin_peng, PROCESSOR_IDENTIFIER=AMD64 Family 23 Model 96 Stepping 1, AuthenticAMD, COMPLUS_ZAPDISABLE=1, PUBLIC=C:\Users\Public, =::=::\, LOCALAPPDATA=C:\Users\dustin_peng\AppData\Local, COMMONPROGRAMFILES(X86)=C:\Program Files (x86)\Common Files, USERDOMAIN=PSH, FPS_BROWSER_APP_PROFILE_STRING=Internet Explorer, LOGONSERVER=\\PTI-DC-PSH01, JAVA_HOME=C:\Program Files\Java\jdk1.8.0_31, PROMPT=$P$G, PROGRAMFILES(X86)=C:\Program Files (x86), PYTHON=E:\PYTHON\Python36;, APPDATA=C:\Users\dustin_peng\AppData\Roaming, PROGRAMW6432=C:\Program Files, SYSTEMROOT=C:\Windows, MYSQL=E:\java_install\mysql, OS=Windows_NT, COMMONPROGRAMW6432=C:\Program Files\Common Files, COMPUTERNAME=S20C011431-NB, COMMONPROGRAMFILES=C:\Program Files\Common Files, COMSPEC=C:\Windows\system32\cmd.exe, PROCESSOR_REVISION=6001, CLASSPATH=.;C:\Program Files\Java\jdk1.8.0_31\lib;C:\Program Files\Java\jdk1.8.0_31\lib\tools.jar, =D:=D:\IdeaJavaProject\SSM\spring_test, TEMP=C:\Users\dustin_peng\AppData\Local\Temp, HOMEDRIVE=C:, USERPROFILE=C:\Users\dustin_peng, TMP=C:\Users\dustin_peng\AppData\Local\Temp, NUMBER_OF_PROCESSORS=8, IDEA_INITIAL_DIRECTORY=E:\java_install\IDEA\ideaIU-2021.1.2.win\bin}}]
15:32:10,997 DEBUG PathMatchingResourcePatternResolver:321 - Resolved classpath location [spring-mvc/xml/] to resources []
15:32:10,997 DEBUG PathMatchingResourcePatternResolver:514 - Resolved location pattern [classpath*:spring-mvc/xml/**/*.class] to resources []
15:32:10,998  INFO AnnotationConfigApplicationContext:590 - Refreshing org.springframework.context.annotation.AnnotationConfigApplicationContext@4659191b: startup date [Thu Mar 17 15:32:10 IST 2022]; root of context hierarchy
15:32:10,998 DEBUG AnnotationConfigApplicationContext:624 - Bean factory for org.springframework.context.annotation.AnnotationConfigApplicationContext@4659191b: org.springframework.beans.factory.support.DefaultListableBeanFactory@70e9c95d: defining beans [org.springframework.context.annotation.internalConfigurationAnnotationProcessor,org.springframework.context.annotation.internalAutowiredAnnotationProcessor,org.springframework.context.annotation.internalRequiredAnnotationProcessor,org.springframework.context.annotation.internalCommonAnnotationProcessor,org.springframework.context.event.internalEventListenerProcessor,org.springframework.context.event.internalEventListenerFactory]; root of factory hierarchy
15:32:10,998 DEBUG DefaultListableBeanFactory:219 - Creating shared instance of singleton bean &apos;org.springframework.context.annotation.internalConfigurationAnnotationProcessor&apos;
15:32:10,998 DEBUG DefaultListableBeanFactory:466 - Creating instance of bean &apos;org.springframework.context.annotation.internalConfigurationAnnotationProcessor&apos;
15:32:10,998 DEBUG DefaultListableBeanFactory:569 - Eagerly caching bean &apos;org.springframework.context.annotation.internalConfigurationAnnotationProcessor&apos; to allow for resolving potential circular references
15:32:10,998 DEBUG DefaultListableBeanFactory:503 - Finished creating instance of bean &apos;org.springframework.context.annotation.internalConfigurationAnnotationProcessor&apos;
15:32:10,999 DEBUG DefaultListableBeanFactory:219 - Creating shared instance of singleton bean &apos;org.springframework.context.annotation.internalAutowiredAnnotationProcessor&apos;
15:32:10,999 DEBUG DefaultListableBeanFactory:466 - Creating instance of bean &apos;org.springframework.context.annotation.internalAutowiredAnnotationProcessor&apos;
15:32:11,000 DEBUG DefaultListableBeanFactory:569 - Eagerly caching bean &apos;org.springframework.context.annotation.internalAutowiredAnnotationProcessor&apos; to allow for resolving potential circular references
15:32:11,000 DEBUG DefaultListableBeanFactory:503 - Finished creating instance of bean &apos;org.springframework.context.annotation.internalAutowiredAnnotationProcessor&apos;
15:32:11,000 DEBUG DefaultListableBeanFactory:219 - Creating shared instance of singleton bean &apos;org.springframework.context.annotation.internalRequiredAnnotationProcessor&apos;
15:32:11,000 DEBUG DefaultListableBeanFactory:466 - Creating instance of bean &apos;org.springframework.context.annotation.internalRequiredAnnotationProcessor&apos;
15:32:11,001 DEBUG DefaultListableBeanFactory:569 - Eagerly caching bean &apos;org.springframework.context.annotation.internalRequiredAnnotationProcessor&apos; to allow for resolving potential circular references
15:32:11,001 DEBUG DefaultListableBeanFactory:503 - Finished creating instance of bean &apos;org.springframework.context.annotation.internalRequiredAnnotationProcessor&apos;
15:32:11,001 DEBUG DefaultListableBeanFactory:219 - Creating shared instance of singleton bean &apos;org.springframework.context.annotation.internalCommonAnnotationProcessor&apos;
15:32:11,001 DEBUG DefaultListableBeanFactory:466 - Creating instance of bean &apos;org.springframework.context.annotation.internalCommonAnnotationProcessor&apos;
15:32:11,001 DEBUG DefaultListableBeanFactory:569 - Eagerly caching bean &apos;org.springframework.context.annotation.internalCommonAnnotationProcessor&apos; to allow for resolving potential circular references
15:32:11,002 DEBUG DefaultListableBeanFactory:503 - Finished creating instance of bean &apos;org.springframework.context.annotation.internalCommonAnnotationProcessor&apos;
15:32:11,003 DEBUG AnnotationConfigApplicationContext:741 - Unable to locate MessageSource with name &apos;messageSource&apos;: using default [org.springframework.context.support.DelegatingMessageSource@a38c7fe]
15:32:11,005 DEBUG AnnotationConfigApplicationContext:765 - Unable to locate ApplicationEventMulticaster with name &apos;applicationEventMulticaster&apos;: using default [org.springframework.context.event.SimpleApplicationEventMulticaster@6fdbe764]
15:32:11,009 DEBUG DefaultListableBeanFactory:729 - Pre-instantiating singletons in org.springframework.beans.factory.support.DefaultListableBeanFactory@70e9c95d: defining beans [org.springframework.context.annotation.internalConfigurationAnnotationProcessor,org.springframework.context.annotation.internalAutowiredAnnotationProcessor,org.springframework.context.annotation.internalRequiredAnnotationProcessor,org.springframework.context.annotation.internalCommonAnnotationProcessor,org.springframework.context.event.internalEventListenerProcessor,org.springframework.context.event.internalEventListenerFactory]; root of factory hierarchy
15:32:11,009 DEBUG DefaultListableBeanFactory:254 - Returning cached instance of singleton bean &apos;org.springframework.context.annotation.internalConfigurationAnnotationProcessor&apos;
15:32:11,010 DEBUG DefaultListableBeanFactory:254 - Returning cached instance of singleton bean &apos;org.springframework.context.annotation.internalAutowiredAnnotationProcessor&apos;
15:32:11,010 DEBUG DefaultListableBeanFactory:254 - Returning cached instance of singleton bean &apos;org.springframework.context.annotation.internalRequiredAnnotationProcessor&apos;
15:32:11,010 DEBUG DefaultListableBeanFactory:254 - Returning cached instance of singleton bean &apos;org.springframework.context.annotation.internalCommonAnnotationProcessor&apos;
15:32:11,010 DEBUG DefaultListableBeanFactory:219 - Creating shared instance of singleton bean &apos;org.springframework.context.event.internalEventListenerProcessor&apos;
15:32:11,011 DEBUG DefaultListableBeanFactory:466 - Creating instance of bean &apos;org.springframework.context.event.internalEventListenerProcessor&apos;
15:32:11,012 DEBUG DefaultListableBeanFactory:569 - Eagerly caching bean &apos;org.springframework.context.event.internalEventListenerProcessor&apos; to allow for resolving potential circular references
15:32:11,012 DEBUG DefaultListableBeanFactory:503 - Finished creating instance of bean &apos;org.springframework.context.event.internalEventListenerProcessor&apos;
15:32:11,013 DEBUG DefaultListableBeanFactory:219 - Creating shared instance of singleton bean &apos;org.springframework.context.event.internalEventListenerFactory&apos;
15:32:11,013 DEBUG DefaultListableBeanFactory:466 - Creating instance of bean &apos;org.springframework.context.event.internalEventListenerFactory&apos;
15:32:11,013 DEBUG DefaultListableBeanFactory:569 - Eagerly caching bean &apos;org.springframework.context.event.internalEventListenerFactory&apos; to allow for resolving potential circular references
15:32:11,014 DEBUG DefaultListableBeanFactory:503 - Finished creating instance of bean &apos;org.springframework.context.event.internalEventListenerFactory&apos;
15:32:11,014 DEBUG DefaultListableBeanFactory:254 - Returning cached instance of singleton bean &apos;org.springframework.context.event.internalEventListenerFactory&apos;
15:32:11,018 DEBUG AnnotationConfigApplicationContext:792 - Unable to locate LifecycleProcessor with name &apos;lifecycleProcessor&apos;: using default [org.springframework.context.support.DefaultLifecycleProcessor@6221a451]
15:32:11,019 DEBUG DefaultListableBeanFactory:254 - Returning cached instance of singleton bean &apos;lifecycleProcessor&apos;
15:32:11,019 DEBUG PropertySourcesPropertyResolver:96 - Could not find key &apos;spring.liveBeansView.mbeanDomain&apos; in any property source
</system-out>
  </testcase>
</testsuite>