<?xml version="1.0" encoding="UTF-8" ?>
<testsuite tests="3" failures="0" name="com.dustin.MyBatisTest" time="1.516" errors="1" skipped="0">
  <properties>
[...]
</properties>
  <testcase classname="com.dustin.MyBatisTest" name="test" time="1.385"/>
  <testcase classname="com.dustin.MyBatisTest" name="test2" time="0"/>
  <testcase classname="com.dustin.MyBatisTest" name="test3" time="0.131">
    <error message="
### Error querying database.  Cause: org.apache.ibatis.executor.result.ResultMapException: Error attempting to get column &apos;birthday&apos; from result set.  Cause: java.lang.NullPointerException
### The error may exist in mapper/UserMapper.xml
### The error may involve com.dustin.mapper.UserMapper.findAll
### The error occurred while handling results
### SQL: select u.id,o.id oid,o.ordertime,o.total,u.username,u.password,u.birthday from orders o,user u where u.id=o.uid
### Cause: org.apache.ibatis.executor.result.ResultMapException: Error attempting to get column &apos;birthday&apos; from result set.  Cause: java.lang.NullPointerException" type="org.apache.ibatis.exceptions.PersistenceException">org.apache.ibatis.exceptions.PersistenceException: 
### Error querying database.  Cause: org.apache.ibatis.executor.result.ResultMapException: Error attempting to get column &apos;birthday&apos; from result set.  Cause: java.lang.NullPointerException
### The error may exist in mapper/UserMapper.xml
### The error may involve com.dustin.mapper.UserMapper.findAll
### The error occurred while handling results
### SQL: select u.id,o.id oid,o.ordertime,o.total,u.username,u.password,u.birthday from orders o,user u where u.id=o.uid
### Cause: org.apache.ibatis.executor.result.ResultMapException: Error attempting to get column &apos;birthday&apos; from result set.  Cause: java.lang.NullPointerException
	at org.apache.ibatis.exceptions.ExceptionFactory.wrapException(ExceptionFactory.java:30)
	at org.apache.ibatis.session.defaults.DefaultSqlSession.selectList(DefaultSqlSession.java:150)
	at org.apache.ibatis.session.defaults.DefaultSqlSession.selectList(DefaultSqlSession.java:141)
	at org.apache.ibatis.binding.MapperMethod.executeForMany(MapperMethod.java:139)
	at org.apache.ibatis.binding.MapperMethod.execute(MapperMethod.java:76)
	at org.apache.ibatis.binding.MapperProxy.invoke(MapperProxy.java:59)
	at com.sun.proxy.$Proxy10.findAll(Unknown Source)
	at com.dustin.MyBatisTest.test3(MyBatisTest.java:57)
	at sun.reflect.NativeMethodAccessorImpl.invoke0(Native Method)
	at sun.reflect.NativeMethodAccessorImpl.invoke(NativeMethodAccessorImpl.java:62)
	at sun.reflect.DelegatingMethodAccessorImpl.invoke(DelegatingMethodAccessorImpl.java:43)
	at java.lang.reflect.Method.invoke(Method.java:483)
	at org.junit.runners.model.FrameworkMethod$1.runReflectiveCall(FrameworkMethod.java:50)
	at org.junit.internal.runners.model.ReflectiveCallable.run(ReflectiveCallable.java:12)
	at org.junit.runners.model.FrameworkMethod.invokeExplosively(FrameworkMethod.java:47)
	at org.junit.internal.runners.statements.InvokeMethod.evaluate(InvokeMethod.java:17)
	at org.junit.runners.ParentRunner.runLeaf(ParentRunner.java:325)
	at org.junit.runners.BlockJUnit4ClassRunner.runChild(BlockJUnit4ClassRunner.java:78)
	at org.junit.runners.BlockJUnit4ClassRunner.runChild(BlockJUnit4ClassRunner.java:57)
	at org.junit.runners.ParentRunner$3.run(ParentRunner.java:290)
	at org.junit.runners.ParentRunner$1.schedule(ParentRunner.java:71)
	at org.junit.runners.ParentRunner.runChildren(ParentRunner.java:288)
	at org.junit.runners.ParentRunner.access$000(ParentRunner.java:58)
	at org.junit.runners.ParentRunner$2.evaluate(ParentRunner.java:268)
	at org.junit.runners.ParentRunner.run(ParentRunner.java:363)
	at org.apache.maven.surefire.junit4.JUnit4Provider.execute(JUnit4Provider.java:252)
	at org.apache.maven.surefire.junit4.JUnit4Provider.executeTestSet(JUnit4Provider.java:141)
	at org.apache.maven.surefire.junit4.JUnit4Provider.invoke(JUnit4Provider.java:112)
	at sun.reflect.NativeMethodAccessorImpl.invoke0(Native Method)
	at sun.reflect.NativeMethodAccessorImpl.invoke(NativeMethodAccessorImpl.java:62)
	at sun.reflect.DelegatingMethodAccessorImpl.invoke(DelegatingMethodAccessorImpl.java:43)
	at java.lang.reflect.Method.invoke(Method.java:483)
	at org.apache.maven.surefire.util.ReflectionUtils.invokeMethodWithArray(ReflectionUtils.java:189)
	at org.apache.maven.surefire.booter.ProviderFactory$ProviderProxy.invoke(ProviderFactory.java:165)
	at org.apache.maven.surefire.booter.ProviderFactory.invokeProvider(ProviderFactory.java:85)
	at org.apache.maven.surefire.booter.ForkedBooter.runSuitesInProcess(ForkedBooter.java:115)
	at org.apache.maven.surefire.booter.ForkedBooter.main(ForkedBooter.java:75)
Caused by: org.apache.ibatis.executor.result.ResultMapException: Error attempting to get column &apos;birthday&apos; from result set.  Cause: java.lang.NullPointerException
	at org.apache.ibatis.type.BaseTypeHandler.getResult(BaseTypeHandler.java:68)
	at org.apache.ibatis.executor.resultset.DefaultResultSetHandler.applyAutomaticMappings(DefaultResultSetHandler.java:520)
	at org.apache.ibatis.executor.resultset.DefaultResultSetHandler.getRowValue(DefaultResultSetHandler.java:401)
	at org.apache.ibatis.executor.resultset.DefaultResultSetHandler.handleRowValuesForSimpleResultMap(DefaultResultSetHandler.java:355)
	at org.apache.ibatis.executor.resultset.DefaultResultSetHandler.handleRowValues(DefaultResultSetHandler.java:330)
	at org.apache.ibatis.executor.resultset.DefaultResultSetHandler.handleResultSet(DefaultResultSetHandler.java:303)
	at org.apache.ibatis.executor.resultset.DefaultResultSetHandler.handleResultSets(DefaultResultSetHandler.java:196)
	at org.apache.ibatis.executor.statement.PreparedStatementHandler.query(PreparedStatementHandler.java:64)
	at org.apache.ibatis.executor.statement.RoutingStatementHandler.query(RoutingStatementHandler.java:79)
	at org.apache.ibatis.executor.SimpleExecutor.doQuery(SimpleExecutor.java:63)
	at org.apache.ibatis.executor.BaseExecutor.queryFromDatabase(BaseExecutor.java:326)
	at org.apache.ibatis.executor.BaseExecutor.query(BaseExecutor.java:156)
	at org.apache.ibatis.executor.CachingExecutor.query(CachingExecutor.java:109)
	at org.apache.ibatis.executor.CachingExecutor.query(CachingExecutor.java:83)
	at org.apache.ibatis.session.defaults.DefaultSqlSession.selectList(DefaultSqlSession.java:148)
	... 35 more
Caused by: java.lang.NullPointerException
	at java.text.SimpleDateFormat.parse(SimpleDateFormat.java:1439)
	at java.text.DateFormat.parse(DateFormat.java:364)
	at com.dustin.handler.DateStringHandler.getNullableResult(DateStringHandler.java:36)
	at com.dustin.handler.DateStringHandler.getNullableResult(DateStringHandler.java:20)
	at org.apache.ibatis.type.BaseTypeHandler.getResult(BaseTypeHandler.java:66)
	... 49 more
</error>
    <system-out>04:19:07,612 DEBUG PooledDataSource:335 - PooledDataSource forcefully closed/removed all connections.
04:19:07,614 DEBUG PooledDataSource:335 - PooledDataSource forcefully closed/removed all connections.
04:19:07,614 DEBUG PooledDataSource:335 - PooledDataSource forcefully closed/removed all connections.
04:19:07,614 DEBUG PooledDataSource:335 - PooledDataSource forcefully closed/removed all connections.
04:19:07,615 DEBUG PooledDataSource:335 - PooledDataSource forcefully closed/removed all connections.
04:19:07,664 DEBUG JdbcTransaction:137 - Opening JDBC Connection
04:19:07,711 DEBUG PooledDataSource:406 - Created connection 195984832.
04:19:07,712 DEBUG JdbcTransaction:101 - Setting autocommit to false on JDBC Connection [com.mysql.cj.jdbc.ConnectionImpl@bae7dc0]
04:19:07,712 DEBUG findAll:159 - ==&gt;  Preparing: select u.id,o.id oid,o.ordertime,o.total,u.username,u.password,u.birthday from orders o,user u where u.id=o.uid 
04:19:07,712 DEBUG findAll:159 - ==&gt; Parameters: 
</system-out>
  </testcase>
</testsuite>